<?xml version="1.0" encoding="UTF-8"?>
<testsuite name="demo.base.BaseDemoTest" tests="3" skipped="0" failures="0" errors="0" timestamp="2022-08-25T09:22:31" hostname="MNLITA14-W10" time="0.019">
  <properties/>
  <testcase name="should_return_hello_world()" classname="demo.base.BaseDemoTest" time="0.016"/>
  <testcase name="should_return_sum()" classname="demo.base.BaseDemoTest" time="0.001"/>
  <testcase name="should_return_false_when_sum_is_incorrect()" classname="demo.base.BaseDemoTest" time="0.001"/>
  <system-out><![CDATA[]]></system-out>
  <system-err><![CDATA[]]></system-err>
</testsuite>
